\BOOKMARK [0][]{chapter.2}{Einleitung}{}% 1
\BOOKMARK [1][]{section.3}{Ziel}{chapter.2}% 2
\BOOKMARK [1][]{section.4}{Unique Selling Proposition \(USP\)}{chapter.2}% 3
\BOOKMARK [0][]{chapter.5}{Konzeption}{}% 4
\BOOKMARK [1][]{section.6}{Zielgruppe}{chapter.5}% 5
\BOOKMARK [1][]{section.7}{Personas}{chapter.5}% 6
\BOOKMARK [2][]{subsection.8}{Prim\344rpersona}{section.7}% 7
\BOOKMARK [2][]{subsection.10}{Sekund\344rpersona}{section.7}% 8
\BOOKMARK [1][]{section.12}{Anforderungsanalyse}{chapter.5}% 9
\BOOKMARK [2][]{subsection.13}{Muss-Anforderungen}{section.12}% 10
\BOOKMARK [2][]{subsection.14}{Soll-Anforderungen}{section.12}% 11
\BOOKMARK [2][]{subsection.15}{Kann-Anforderungen}{section.12}% 12
\BOOKMARK [1][]{section.16}{Ablaufplan}{chapter.5}% 13
\BOOKMARK [1][]{section.18}{Flow Chart}{chapter.5}% 14
\BOOKMARK [1][]{section.20}{Wireframes}{chapter.5}% 15
\BOOKMARK [1][]{section.21}{Mockups}{chapter.5}% 16
\BOOKMARK [1][]{section.22}{Prototyp}{chapter.5}% 17
\BOOKMARK [0][]{chapter.24}{Entwicklung}{}% 18
\BOOKMARK [1][]{section.25}{React Native}{chapter.24}% 19
\BOOKMARK [1][]{section.26}{Setup}{chapter.24}% 20
\BOOKMARK [1][]{section.27}{Module}{chapter.24}% 21
\BOOKMARK [1][]{section.28}{Arbeitsaufteilung}{chapter.24}% 22
\BOOKMARK [2][]{subsection.29}{Gemeinsam}{section.28}% 23
\BOOKMARK [2][]{subsection.30}{Katharina}{section.28}% 24
\BOOKMARK [2][]{subsection.31}{Thomas}{section.28}% 25
\BOOKMARK [1][]{section.32}{Vorstellung der App}{chapter.24}% 26
\BOOKMARK [2][]{subsection.34}{Startseite}{section.32}% 27
\BOOKMARK [2][]{subsection.36}{Kartenansicht}{section.32}% 28
\BOOKMARK [2][]{subsection.38}{Listenansicht}{section.32}% 29
\BOOKMARK [2][]{subsection.40}{Infos Caf\351}{section.32}% 30
\BOOKMARK [2][]{subsection.42}{Bewertungen Caf\351}{section.32}% 31
\BOOKMARK [2][]{subsection.44}{Lexikon}{section.32}% 32
\BOOKMARK [2][]{subsection.46}{Lexikon Detailansicht}{section.32}% 33
\BOOKMARK [1][]{section.47}{Readme}{chapter.24}% 34
\BOOKMARK [2][]{subsection.48}{Voraussetzungen}{section.47}% 35
\BOOKMARK [2][]{subsection.49}{Testing und Debugging}{section.47}% 36
\BOOKMARK [2][]{subsection.50}{Lizenz}{section.47}% 37
\BOOKMARK [0][]{chapter.51}{Ausblick}{}% 38
\BOOKMARK [1][]{section.52}{Testkonzept}{chapter.51}% 39
\BOOKMARK [1][]{section.53}{Marketing}{chapter.51}% 40
\BOOKMARK [2][]{subsection.54}{Produktpolitik}{section.53}% 41
\BOOKMARK [2][]{subsection.55}{Preispolitik}{section.53}% 42
\BOOKMARK [2][]{subsection.56}{Distributionspolitik}{section.53}% 43
\BOOKMARK [2][]{subsection.57}{Kommunikationspolitik}{section.53}% 44
\BOOKMARK [2][]{subsection.58}{Retention Marketing}{section.53}% 45
\BOOKMARK [0][]{chapter.59}{Fazit}{}% 46
\BOOKMARK [1][]{section.60}{Lessons Learned}{chapter.59}% 47
\BOOKMARK [1][]{section.61}{React Native}{chapter.59}% 48
\BOOKMARK [1][]{section.62}{Cross-Plattform vs. Nativ}{chapter.59}% 49
\BOOKMARK [0][]{chapter*.63}{Literaturverzeichnis}{}% 50
\BOOKMARK [0][]{chapter*.64}{Eidesstattliche Erkl\344rung}{}% 51
